<?xml version="1.0" encoding="UTF-8"?>
<!-- Generated by org.testng.reporters.JUnitXMLReporter -->
<testsuite hostname="ags-p-105" ignored="0" name="Default test" tests="9" failures="0" timestamp="30 Jan 2020 04:07:51 GMT" time="6.289" errors="0">
  <testcase name="checkContentEncoding" time="0.105" classname="com.employeeapi.testCases.TC003_Post_Employee_Record"/>
  <testcase name="checkContentLength" time="0.003" classname="com.employeeapi.testCases.TC003_Post_Employee_Record"/>
  <testcase name="checkContentType" time="0.002" classname="com.employeeapi.testCases.TC003_Post_Employee_Record"/>
  <testcase name="checkCookies" time="0.002" classname="com.employeeapi.testCases.TC003_Post_Employee_Record"/>
  <testcase name="checkResponseBody" time="0.009" classname="com.employeeapi.testCases.TC003_Post_Employee_Record"/>
  <testcase name="checkResponseTime" time="0.001" classname="com.employeeapi.testCases.TC003_Post_Employee_Record"/>
  <testcase name="checkServerType" time="0.004" classname="com.employeeapi.testCases.TC003_Post_Employee_Record"/>
  <testcase name="checkStatusCode" time="0.002" classname="com.employeeapi.testCases.TC003_Post_Employee_Record"/>
  <testcase name="checkStatusLine" time="0.001" classname="com.employeeapi.testCases.TC003_Post_Employee_Record"/>
</testsuite> <!-- Default test -->
