<?xml version="1.0" encoding="UTF-8"?>
<!-- Generated by org.testng.reporters.JUnitXMLReporter -->
<testsuite hostname="ags-p-105" ignored="0" name="restassustedtest" tests="45" failures="7" timestamp="09 Feb 2020 00:51:36 GMT" time="14.736" errors="0">
  <testcase name="@BeforeClass deleteEmployee" time="0.001" classname="com.employeeapi.testCases.TC005_Delete_Employee_Record">
    <failure type="java.lang.NullPointerException">
      <![CDATA[java.lang.NullPointerException
at com.employeeapi.testCases.TC005_Delete_Employee_Record.deleteEmployee(TC005_Delete_Employee_Record.java:35)
... Removed 30 stack frames]]>
    </failure>
  </testcase> <!-- @BeforeClass deleteEmployee -->
  <testcase name="@AfterClass tearDown" time="0.0" classname="com.employeeapi.testCases.TC005_Delete_Employee_Record">
    <skipped/>
  </testcase> <!-- @AfterClass tearDown -->
  <testcase name="checkContentEncoding" time="0.004" classname="com.employeeapi.testCases.TC001_Get_All_Employees"/>
  <testcase name="checkContentLength" time="0.0" classname="com.employeeapi.testCases.TC001_Get_All_Employees"/>
  <testcase name="checkContentType" time="0.001" classname="com.employeeapi.testCases.TC001_Get_All_Employees">
    <failure type="java.lang.AssertionError" message="expected [application/json;charset=utf-8] but found [application/json; charset=UTF-8]">
      <![CDATA[java.lang.AssertionError: expected [application/json;charset=utf-8] but found [application/json; charset=UTF-8]
at com.employeeapi.testCases.TC001_Get_All_Employees.checkContentType(TC001_Get_All_Employees.java:86)
... Removed 35 stack frames]]>
    </failure>
  </testcase> <!-- checkContentType -->
  <testcase name="checkCookies" time="0.001" classname="com.employeeapi.testCases.TC001_Get_All_Employees"/>
  <testcase name="checkResponseBody" time="0.025" classname="com.employeeapi.testCases.TC001_Get_All_Employees"/>
  <testcase name="checkResponseTime" time="0.0" classname="com.employeeapi.testCases.TC001_Get_All_Employees">
    <failure type="java.lang.AssertionError" message="expected [true] but found [false]">
      <![CDATA[java.lang.AssertionError: expected [true] but found [false]
at com.employeeapi.testCases.TC001_Get_All_Employees.checkResponseTime(TC001_Get_All_Employees.java:67)
... Removed 33 stack frames]]>
    </failure>
  </testcase> <!-- checkResponseTime -->
  <testcase name="checkServerType" time="0.001" classname="com.employeeapi.testCases.TC001_Get_All_Employees"/>
  <testcase name="checkStatusCode" time="0.0" classname="com.employeeapi.testCases.TC001_Get_All_Employees"/>
  <testcase name="checkStatusLine" time="0.0" classname="com.employeeapi.testCases.TC001_Get_All_Employees"/>
  <testcase name="checkContentEncoding" time="0.001" classname="com.employeeapi.testCases.TC002_Get_Single_Employee_Record"/>
  <testcase name="checkContentLength" time="0.001" classname="com.employeeapi.testCases.TC002_Get_Single_Employee_Record">
    <failure type="java.lang.NumberFormatException" message="null">
      <![CDATA[java.lang.NumberFormatException: null
at java.lang.Integer.parseInt(Unknown Source)
at java.lang.Integer.parseInt(Unknown Source)
at com.employeeapi.testCases.TC002_Get_Single_Employee_Record.checkContentLength(TC002_Get_Single_Employee_Record.java:104)
... Removed 29 stack frames]]>
    </failure>
  </testcase> <!-- checkContentLength -->
  <testcase name="checkContentType" time="0.0" classname="com.employeeapi.testCases.TC002_Get_Single_Employee_Record">
    <failure type="java.lang.AssertionError" message="expected [text/html;charset=UTF-8] but found [text/html; charset=UTF-8]">
      <![CDATA[java.lang.AssertionError: expected [text/html;charset=UTF-8] but found [text/html; charset=UTF-8]
at com.employeeapi.testCases.TC002_Get_Single_Employee_Record.checkContentType(TC002_Get_Single_Employee_Record.java:79)
... Removed 35 stack frames]]>
    </failure>
  </testcase> <!-- checkContentType -->
  <testcase name="checkCookies" time="0.0" classname="com.employeeapi.testCases.TC002_Get_Single_Employee_Record"/>
  <testcase name="checkResponseBody" time="0.001" classname="com.employeeapi.testCases.TC002_Get_Single_Employee_Record"/>
  <testcase name="checkResponseTime" time="0.0" classname="com.employeeapi.testCases.TC002_Get_Single_Employee_Record"/>
  <testcase name="checkServerType" time="0.0" classname="com.employeeapi.testCases.TC002_Get_Single_Employee_Record"/>
  <testcase name="checkStatusCode" time="0.0" classname="com.employeeapi.testCases.TC002_Get_Single_Employee_Record">
    <failure type="java.lang.AssertionError" message="expected [404] but found [200]">
      <![CDATA[java.lang.AssertionError: expected [404] but found [200]
at com.employeeapi.testCases.TC002_Get_Single_Employee_Record.checkStatusCode(TC002_Get_Single_Employee_Record.java:49)
... Removed 35 stack frames]]>
    </failure>
  </testcase> <!-- checkStatusCode -->
  <testcase name="checkStatusLine" time="0.0" classname="com.employeeapi.testCases.TC002_Get_Single_Employee_Record">
    <failure type="java.lang.AssertionError" message="expected [HTTP/1.1 404 Not Found] but found [HTTP/1.1 200 OK]">
      <![CDATA[java.lang.AssertionError: expected [HTTP/1.1 404 Not Found] but found [HTTP/1.1 200 OK]
at com.employeeapi.testCases.TC002_Get_Single_Employee_Record.checkStatusLine(TC002_Get_Single_Employee_Record.java:69)
... Removed 35 stack frames]]>
    </failure>
  </testcase> <!-- checkStatusLine -->
  <testcase name="checkContentEncoding" time="0.001" classname="com.employeeapi.testCases.TC003_Post_Employee_Record"/>
  <testcase name="checkContentLength" time="0.001" classname="com.employeeapi.testCases.TC003_Post_Employee_Record"/>
  <testcase name="checkContentType" time="0.0" classname="com.employeeapi.testCases.TC003_Post_Employee_Record"/>
  <testcase name="checkCookies" time="0.001" classname="com.employeeapi.testCases.TC003_Post_Employee_Record"/>
  <testcase name="checkResponseBody" time="0.001" classname="com.employeeapi.testCases.TC003_Post_Employee_Record"/>
  <testcase name="checkResponseTime" time="0.001" classname="com.employeeapi.testCases.TC003_Post_Employee_Record"/>
  <testcase name="checkServerType" time="0.0" classname="com.employeeapi.testCases.TC003_Post_Employee_Record"/>
  <testcase name="checkStatusCode" time="0.0" classname="com.employeeapi.testCases.TC003_Post_Employee_Record"/>
  <testcase name="checkStatusLine" time="0.005" classname="com.employeeapi.testCases.TC003_Post_Employee_Record"/>
  <testcase name="checkContentEncoding" time="0.0" classname="com.employeeapi.testCases.TC004_Put_Employee_Record"/>
  <testcase name="checkContentLength" time="0.0" classname="com.employeeapi.testCases.TC004_Put_Employee_Record"/>
  <testcase name="checkContentType" time="0.001" classname="com.employeeapi.testCases.TC004_Put_Employee_Record"/>
  <testcase name="checkCookies" time="0.001" classname="com.employeeapi.testCases.TC004_Put_Employee_Record"/>
  <testcase name="checkResponseBody" time="0.002" classname="com.employeeapi.testCases.TC004_Put_Employee_Record">
    <failure type="java.lang.AssertionError" message="expected [true] but found [false]">
      <![CDATA[java.lang.AssertionError: expected [true] but found [false]
at com.employeeapi.testCases.TC004_Put_Employee_Record.checkResponseBody(TC004_Put_Employee_Record.java:54)
... Removed 35 stack frames]]>
    </failure>
  </testcase> <!-- checkResponseBody -->
  <testcase name="checkResponseTime" time="0.0" classname="com.employeeapi.testCases.TC004_Put_Employee_Record"/>
  <testcase name="checkServerType" time="0.0" classname="com.employeeapi.testCases.TC004_Put_Employee_Record"/>
  <testcase name="checkStatusCode" time="0.0" classname="com.employeeapi.testCases.TC004_Put_Employee_Record"/>
  <testcase name="checkStatusLine" time="0.001" classname="com.employeeapi.testCases.TC004_Put_Employee_Record"/>
  <testcase name="checkContentEncoding" time="0.0" classname="com.employeeapi.testCases.TC005_Delete_Employee_Record">
    <skipped/>
  </testcase> <!-- checkContentEncoding -->
  <testcase name="checkContentLength" time="0.0" classname="com.employeeapi.testCases.TC005_Delete_Employee_Record">
    <skipped/>
  </testcase> <!-- checkContentLength -->
  <testcase name="checkContentType" time="0.0" classname="com.employeeapi.testCases.TC005_Delete_Employee_Record">
    <skipped/>
  </testcase> <!-- checkContentType -->
  <testcase name="checkCookies" time="0.0" classname="com.employeeapi.testCases.TC005_Delete_Employee_Record">
    <skipped/>
  </testcase> <!-- checkCookies -->
  <testcase name="checkResponseBody" time="0.0" classname="com.employeeapi.testCases.TC005_Delete_Employee_Record">
    <skipped/>
  </testcase> <!-- checkResponseBody -->
  <testcase name="checkResponseTime" time="0.0" classname="com.employeeapi.testCases.TC005_Delete_Employee_Record">
    <skipped/>
  </testcase> <!-- checkResponseTime -->
  <testcase name="checkServerType" time="0.0" classname="com.employeeapi.testCases.TC005_Delete_Employee_Record">
    <skipped/>
  </testcase> <!-- checkServerType -->
  <testcase name="checkStatusCode" time="0.0" classname="com.employeeapi.testCases.TC005_Delete_Employee_Record">
    <skipped/>
  </testcase> <!-- checkStatusCode -->
  <testcase name="checkStatusLine" time="0.0" classname="com.employeeapi.testCases.TC005_Delete_Employee_Record">
    <skipped/>
  </testcase> <!-- checkStatusLine -->
</testsuite> <!-- restassustedtest -->
